-------------------------------------------------------------------------------
Test set: war.features.search.SearchByKeywordStory
-------------------------------------------------------------------------------
Tests run: 1, Failures: 0, Errors: 1, Skipped: 0, Time elapsed: 0.015 sec <<< FAILURE! - in war.features.search.SearchByKeywordStory
initializationError(war.features.search.SearchByKeywordStory)  Time elapsed: 0.015 sec  <<< ERROR!
com.google.inject.internal.util.$ComputationException: java.lang.NoClassDefFoundError: Could not initialize class com.google.inject.internal.cglib.core.$ReflectUtils
	at com.google.inject.internal.util.$MapMaker$StrategyImpl.compute(MapMaker.java:553)
	at com.google.inject.internal.util.$MapMaker$StrategyImpl.compute(MapMaker.java:419)
	at com.google.inject.internal.util.$CustomConcurrentHashMap$ComputingImpl.get(CustomConcurrentHashMap.java:2041)
	at com.google.inject.internal.FailableCache.get(FailableCache.java:50)
	at com.google.inject.internal.ConstructorInjectorStore.get(ConstructorInjectorStore.java:49)
	at com.google.inject.internal.ConstructorBindingImpl.initialize(ConstructorBindingImpl.java:125)
	at com.google.inject.internal.InjectorImpl.initializeJitBinding(InjectorImpl.java:521)
	at com.google.inject.internal.InjectorImpl.createJustInTimeBinding(InjectorImpl.java:847)
	at com.google.inject.internal.InjectorImpl.createJustInTimeBindingRecursive(InjectorImpl.java:772)
	at com.google.inject.internal.InjectorImpl.getJustInTimeBinding(InjectorImpl.java:256)
	at com.google.inject.internal.InjectorImpl.getBindingOrThrow(InjectorImpl.java:205)
	at com.google.inject.internal.InjectorImpl.getInternalFactory(InjectorImpl.java:853)
	at com.google.inject.internal.FactoryProxy.notify(FactoryProxy.java:46)
	at com.google.inject.internal.ProcessedBindingData.runCreationListeners(ProcessedBindingData.java:50)
	at com.google.inject.internal.InternalInjectorCreator.initializeStatically(InternalInjectorCreator.java:133)
	at com.google.inject.internal.InternalInjectorCreator.build(InternalInjectorCreator.java:106)
	at com.google.inject.Guice.createInjector(Guice.java:95)
	at com.google.inject.Guice.createInjector(Guice.java:72)
	at com.google.inject.Guice.createInjector(Guice.java:62)
	at net.thucydides.core.guice.Injectors.getInjector(Injectors.java:16)
	at net.serenitybdd.junit.runners.SerenityRunner.<init>(SerenityRunner.java:96)
	at java.base/jdk.internal.reflect.DirectConstructorHandleAccessor.newInstance(DirectConstructorHandleAccessor.java:67)
	at java.base/java.lang.reflect.Constructor.newInstanceWithCaller(Constructor.java:499)
	at java.base/java.lang.reflect.Constructor.newInstance(Constructor.java:483)
	at org.junit.internal.builders.AnnotatedBuilder.buildRunner(AnnotatedBuilder.java:104)
	at org.junit.internal.builders.AnnotatedBuilder.runnerForClass(AnnotatedBuilder.java:86)
	at org.junit.runners.model.RunnerBuilder.safeRunnerForClass(RunnerBuilder.java:59)
	at org.junit.internal.builders.AllDefaultPossibilitiesBuilder.runnerForClass(AllDefaultPossibilitiesBuilder.java:26)
	at org.junit.runners.model.RunnerBuilder.safeRunnerForClass(RunnerBuilder.java:59)
	at org.junit.internal.requests.ClassRequest.getRunner(ClassRequest.java:33)
	at org.apache.maven.surefire.junit4.JUnit4Provider.execute(JUnit4Provider.java:283)
	at org.apache.maven.surefire.junit4.JUnit4Provider.executeWithRerun(JUnit4Provider.java:173)
	at org.apache.maven.surefire.junit4.JUnit4Provider.executeTestSet(JUnit4Provider.java:153)
	at org.apache.maven.surefire.junit4.JUnit4Provider.invoke(JUnit4Provider.java:128)
	at org.apache.maven.surefire.booter.ForkedBooter.invokeProviderInSameClassLoader(ForkedBooter.java:203)
	at org.apache.maven.surefire.booter.ForkedBooter.runSuitesInProcess(ForkedBooter.java:155)
	at org.apache.maven.surefire.booter.ForkedBooter.main(ForkedBooter.java:103)
Caused by: java.lang.NoClassDefFoundError: Could not initialize class com.google.inject.internal.cglib.core.$ReflectUtils
	at com.google.inject.internal.cglib.reflect.$FastClassEmitter.<init>(FastClassEmitter.java:67)
	at com.google.inject.internal.cglib.reflect.$FastClass$Generator.generateClass(FastClass.java:72)
	at com.google.inject.internal.cglib.core.$DefaultGeneratorStrategy.generate(DefaultGeneratorStrategy.java:25)
	at com.google.inject.internal.cglib.core.$AbstractClassGenerator.create(AbstractClassGenerator.java:216)
	at com.google.inject.internal.cglib.reflect.$FastClass$Generator.create(FastClass.java:64)
	at com.google.inject.internal.BytecodeGen.newFastClass(BytecodeGen.java:207)
	at com.google.inject.internal.DefaultConstructionProxyFactory.create(DefaultConstructionProxyFactory.java:53)
	at com.google.inject.internal.ProxyFactory.create(ProxyFactory.java:153)
	at com.google.inject.internal.ConstructorInjectorStore.createConstructor(ConstructorInjectorStore.java:89)
	at com.google.inject.internal.ConstructorInjectorStore.access$000(ConstructorInjectorStore.java:28)
	at com.google.inject.internal.ConstructorInjectorStore$1.create(ConstructorInjectorStore.java:36)
	at com.google.inject.internal.ConstructorInjectorStore$1.create(ConstructorInjectorStore.java:32)
	at com.google.inject.internal.FailableCache$1.apply(FailableCache.java:39)
	at com.google.inject.internal.util.$MapMaker$StrategyImpl.compute(MapMaker.java:549)
	at com.google.inject.internal.util.$MapMaker$StrategyImpl.compute(MapMaker.java:419)
	at com.google.inject.internal.util.$CustomConcurrentHashMap$ComputingImpl.get(CustomConcurrentHashMap.java:2041)
	at com.google.inject.internal.FailableCache.get(FailableCache.java:50)
	at com.google.inject.internal.ConstructorInjectorStore.get(ConstructorInjectorStore.java:49)
	at com.google.inject.internal.ConstructorBindingImpl.initialize(ConstructorBindingImpl.java:125)
	at com.google.inject.internal.InjectorImpl.initializeJitBinding(InjectorImpl.java:521)
	at com.google.inject.internal.InjectorImpl.createJustInTimeBinding(InjectorImpl.java:847)
	at com.google.inject.internal.InjectorImpl.createJustInTimeBindingRecursive(InjectorImpl.java:772)
	at com.google.inject.internal.InjectorImpl.getJustInTimeBinding(InjectorImpl.java:256)
	at com.google.inject.internal.InjectorImpl.getBindingOrThrow(InjectorImpl.java:205)
	at com.google.inject.internal.InjectorImpl.getInternalFactory(InjectorImpl.java:853)
	at com.google.inject.internal.FactoryProxy.notify(FactoryProxy.java:46)
	at com.google.inject.internal.ProcessedBindingData.runCreationListeners(ProcessedBindingData.java:50)
	at com.google.inject.internal.InternalInjectorCreator.initializeStatically(InternalInjectorCreator.java:133)
	at com.google.inject.internal.InternalInjectorCreator.build(InternalInjectorCreator.java:106)
	at com.google.inject.Guice.createInjector(Guice.java:95)
	at com.google.inject.Guice.createInjector(Guice.java:72)
	at com.google.inject.Guice.createInjector(Guice.java:62)
	at net.thucydides.core.guice.Injectors.getInjector(Injectors.java:16)
	at net.serenitybdd.junit.runners.SerenityRunner.<init>(SerenityRunner.java:96)
	at java.base/jdk.internal.reflect.DirectConstructorHandleAccessor.newInstance(DirectConstructorHandleAccessor.java:67)
	at java.base/java.lang.reflect.Constructor.newInstanceWithCaller(Constructor.java:499)
	at java.base/java.lang.reflect.Constructor.newInstance(Constructor.java:483)
	at org.junit.internal.builders.AnnotatedBuilder.buildRunner(AnnotatedBuilder.java:104)
	at org.junit.internal.builders.AnnotatedBuilder.runnerForClass(AnnotatedBuilder.java:86)
	at org.junit.runners.model.RunnerBuilder.safeRunnerForClass(RunnerBuilder.java:59)
	at org.junit.internal.builders.AllDefaultPossibilitiesBuilder.runnerForClass(AllDefaultPossibilitiesBuilder.java:26)
	at org.junit.runners.model.RunnerBuilder.safeRunnerForClass(RunnerBuilder.java:59)
	at org.junit.internal.requests.ClassRequest.getRunner(ClassRequest.java:33)
	at org.apache.maven.surefire.junit4.JUnit4Provider.execute(JUnit4Provider.java:283)
	at org.apache.maven.surefire.junit4.JUnit4Provider.executeWithRerun(JUnit4Provider.java:173)
	at org.apache.maven.surefire.junit4.JUnit4Provider.executeTestSet(JUnit4Provider.java:153)
	at org.apache.maven.surefire.junit4.JUnit4Provider.invoke(JUnit4Provider.java:128)
	at org.apache.maven.surefire.booter.ForkedBooter.invokeProviderInSameClassLoader(ForkedBooter.java:203)
	at org.apache.maven.surefire.booter.ForkedBooter.runSuitesInProcess(ForkedBooter.java:155)
	at org.apache.maven.surefire.booter.ForkedBooter.main(ForkedBooter.java:103)
Caused by: java.lang.ExceptionInInitializerError: Exception java.lang.reflect.InaccessibleObjectException: Unable to make protected final java.lang.Class java.lang.ClassLoader.defineClass(java.lang.String,byte[],int,int,java.security.ProtectionDomain) throws java.lang.ClassFormatError accessible: module java.base does not "opens java.lang" to unnamed module @768debd [in thread "main"]
	at java.base/java.lang.reflect.AccessibleObject.checkCanSetAccessible(AccessibleObject.java:354)
	at java.base/java.lang.reflect.AccessibleObject.checkCanSetAccessible(AccessibleObject.java:297)
	at java.base/java.lang.reflect.Method.checkCanSetAccessible(Method.java:200)
	at java.base/java.lang.reflect.Method.setAccessible(Method.java:194)
	at com.google.inject.internal.cglib.core.$ReflectUtils$2.run(ReflectUtils.java:56)
	at java.base/java.security.AccessController.doPrivileged(AccessController.java:318)
	at com.google.inject.internal.cglib.core.$ReflectUtils.<clinit>(ReflectUtils.java:46)
	at com.google.inject.internal.cglib.reflect.$FastClassEmitter.<init>(FastClassEmitter.java:67)
	at com.google.inject.internal.cglib.reflect.$FastClass$Generator.generateClass(FastClass.java:72)
	at com.google.inject.internal.cglib.core.$DefaultGeneratorStrategy.generate(DefaultGeneratorStrategy.java:25)
	at com.google.inject.internal.cglib.core.$AbstractClassGenerator.create(AbstractClassGenerator.java:216)
	at com.google.inject.internal.cglib.reflect.$FastClass$Generator.create(FastClass.java:64)
	at com.google.inject.internal.BytecodeGen.newFastClass(BytecodeGen.java:207)
	at com.google.inject.internal.DefaultConstructionProxyFactory.create(DefaultConstructionProxyFactory.java:53)
	at com.google.inject.internal.ProxyFactory.create(ProxyFactory.java:153)
	at com.google.inject.internal.ConstructorInjectorStore.createConstructor(ConstructorInjectorStore.java:89)
	at com.google.inject.internal.ConstructorInjectorStore.access$000(ConstructorInjectorStore.java:28)
	at com.google.inject.internal.ConstructorInjectorStore$1.create(ConstructorInjectorStore.java:36)
	at com.google.inject.internal.ConstructorInjectorStore$1.create(ConstructorInjectorStore.java:32)
	at com.google.inject.internal.FailableCache$1.apply(FailableCache.java:39)
	at com.google.inject.internal.util.$MapMaker$StrategyImpl.compute(MapMaker.java:549)
	at com.google.inject.internal.util.$MapMaker$StrategyImpl.compute(MapMaker.java:419)
	at com.google.inject.internal.util.$CustomConcurrentHashMap$ComputingImpl.get(CustomConcurrentHashMap.java:2041)
	at com.google.inject.internal.FailableCache.get(FailableCache.java:50)
	at com.google.inject.internal.ConstructorInjectorStore.get(ConstructorInjectorStore.java:49)
	at com.google.inject.internal.ConstructorBindingImpl.initialize(ConstructorBindingImpl.java:125)
	at com.google.inject.internal.InjectorImpl.initializeJitBinding(InjectorImpl.java:521)
	at com.google.inject.internal.InjectorImpl.createJustInTimeBinding(InjectorImpl.java:847)
	at com.google.inject.internal.InjectorImpl.createJustInTimeBindingRecursive(InjectorImpl.java:772)
	at com.google.inject.internal.InjectorImpl.getJustInTimeBinding(InjectorImpl.java:256)
	at com.google.inject.internal.InjectorImpl.getBindingOrThrow(InjectorImpl.java:205)
	at com.google.inject.internal.InjectorImpl.getInternalFactory(InjectorImpl.java:853)
	at com.google.inject.internal.FactoryProxy.notify(FactoryProxy.java:46)
	at com.google.inject.internal.ProcessedBindingData.runCreationListeners(ProcessedBindingData.java:50)
	at com.google.inject.internal.InternalInjectorCreator.initializeStatically(InternalInjectorCreator.java:133)
	at com.google.inject.internal.InternalInjectorCreator.build(InternalInjectorCreator.java:106)
	at com.google.inject.Guice.createInjector(Guice.java:95)
	at com.google.inject.Guice.createInjector(Guice.java:72)
	at com.google.inject.Guice.createInjector(Guice.java:62)
	at net.thucydides.core.guice.Injectors.getInjector(Injectors.java:16)
	at net.serenitybdd.junit.runners.SerenityRunner.<init>(SerenityRunner.java:96)
	at java.base/jdk.internal.reflect.DirectConstructorHandleAccessor.newInstance(DirectConstructorHandleAccessor.java:67)
	at java.base/java.lang.reflect.Constructor.newInstanceWithCaller(Constructor.java:499)
	at java.base/java.lang.reflect.Constructor.newInstance(Constructor.java:483)
	at org.junit.internal.builders.AnnotatedBuilder.buildRunner(AnnotatedBuilder.java:104)
	at org.junit.internal.builders.AnnotatedBuilder.runnerForClass(AnnotatedBuilder.java:86)
	at org.junit.runners.model.RunnerBuilder.safeRunnerForClass(RunnerBuilder.java:59)
	at org.junit.internal.builders.AllDefaultPossibilitiesBuilder.runnerForClass(AllDefaultPossibilitiesBuilder.java:26)
	at org.junit.runner.Computer.getRunner(Computer.java:40)
	at org.junit.runner.Computer$1.runnerForClass(Computer.java:31)
	at org.junit.runners.model.RunnerBuilder.safeRunnerForClass(RunnerBuilder.java:59)
	at org.junit.runners.model.RunnerBuilder.runners(RunnerBuilder.java:101)
	at org.junit.runners.model.RunnerBuilder.runners(RunnerBuilder.java:87)
	at org.junit.runners.Suite.<init>(Suite.java:81)
	at org.junit.runner.Computer.getSuite(Computer.java:28)
	at org.junit.runner.Request.classes(Request.java:75)
	at org.junit.runner.Request.classes(Request.java:91)
	at java.base/jdk.internal.reflect.DirectMethodHandleAccessor.invoke(DirectMethodHandleAccessor.java:104)
	at java.base/java.lang.reflect.Method.invoke(Method.java:577)
	at org.apache.maven.surefire.common.junit4.JUnit4Reflector.createRequest(JUnit4Reflector.java:63)
	at org.apache.maven.surefire.common.junit4.JUnit4ProviderUtil.createSuiteDescription(JUnit4ProviderUtil.java:113)
	at org.apache.maven.surefire.junit4.JUnit4Provider.createTestsDescription(JUnit4Provider.java:257)
	at org.apache.maven.surefire.junit4.JUnit4Provider.invoke(JUnit4Provider.java:124)
	at org.apache.maven.surefire.booter.ForkedBooter.invokeProviderInSameClassLoader(ForkedBooter.java:203)
	at org.apache.maven.surefire.booter.ForkedBooter.runSuitesInProcess(ForkedBooter.java:155)
	at org.apache.maven.surefire.booter.ForkedBooter.main(ForkedBooter.java:103)

